CPU #1 executed     48 Add instructions.
CPU #1 executed  1,778 Add Immediate instructions.
CPU #1 executed    108 Add Immediate Shifted instructions.
CPU #1 executed  1,513 Branch instructions.
CPU #1 executed  1,735 Branch Conditional instructions.
CPU #1 executed      1 Branch Conditional to Link Register instruction.
CPU #1 executed    193 Compare instructions.
CPU #1 executed  1,408 Compare Immediate instructions.
CPU #1 executed    129 Floating Absolute Value instructions.
CPU #1 executed  1,582 Floating Add Single instructions.
CPU #1 executed    134 Floating Compare Unordered instructions.
CPU #1 executed  1,456 Floating Divide Single instructions.
CPU #1 executed     32 Floating Move Register instructions.
CPU #1 executed      4 Floating Multiply instructions.
CPU #1 executed  1,892 Floating Multiply Single instructions.
CPU #1 executed      4 Floating Negative Absolute Value instructions.
CPU #1 executed    264 Floating Subtract Single instructions.
CPU #1 executed    132 Load Floating-Point Single instructions.
CPU #1 executed    396 Load Floating-Point Single Indexed instructions.
CPU #1 executed      5 Load Word and Zero instructions.
CPU #1 executed     80 Load Word and Zero Indexed instructions.
CPU #1 executed    648 Multiply Low Immediate instructions.
CPU #1 executed     12 OR instructions.
CPU #1 executed    108 OR Immediate instructions.
CPU #1 executed     24 Store Floating-Point Single instructions.
CPU #1 executed    204 Store Floating-Point Single Indexed instructions.
CPU #1 executed      5 Store Word instructions.
CPU #1 executed      1 System Call instruction.

CPU #1 executed 41,378 cycles.
CPU #1 executed 32,998 stalls waiting for data.
CPU #1 executed      1 stall waiting for serialization.
CPU #1 executed    252 times a write-back slot was unavailable.
CPU #1 executed  1,547 branches.
CPU #1 executed  1,702 conditional branches fell through.
CPU #1 executed  1,547 successful branch predictions.
CPU #1 executed    188 unsuccessful branch predictions.
CPU #1 executed  1,523 branch if the condition is FALSE conditional branches.
CPU #1 executed    212 branch if the condition is TRUE conditional branches.
CPU #1 executed      1 branch always conditional branch.
CPU #1 executed  3,632 1st single cycle integer functional unit instructions.
CPU #1 executed     24 2nd single cycle integer functional unit instructions.
CPU #1 executed    648 multiple cycle integer functional unit instructions.
CPU #1 executed  5,497 floating point functional unit instructions.
CPU #1 executed    846 load/store functional unit instructions.
CPU #1 executed  3,249 branch functional unit instructions.
CPU #1 executed 13,896 instructions that were accounted for in timing info.
CPU #1 executed    613 reads  (0 1-byte, 0 2-byte, 613 4-byte, 0 8-byte).
CPU #1 executed    233 writes (0 1-byte, 0 2-byte, 233 4-byte, 0 8-byte).
CPU #1 executed    613 unaligned reads.
CPU #1 executed    233 unaligned writes.
CPU #1 executed    297 icache misses.
CPU #1 executed 13,896 instructions in total.

Simulator speed was 3,474,869 instructions/second.
