CPU #1 executed    272 Add instructions.
CPU #1 executed  1,676 Add Immediate instructions.
CPU #1 executed      4 Add Immediate Shifted instructions.
CPU #1 executed  1,506 Branch instructions.
CPU #1 executed  1,684 Branch Conditional instructions.
CPU #1 executed      1 Branch Conditional to Link Register instruction.
CPU #1 executed    197 Compare instructions.
CPU #1 executed  1,408 Compare Immediate instructions.
CPU #1 executed    133 Floating Absolute Value instructions.
CPU #1 executed  1,610 Floating Add Single instructions.
CPU #1 executed     87 Floating Compare Unordered instructions.
CPU #1 executed  1,480 Floating Divide Single instructions.
CPU #1 executed     75 Floating Move Register instructions.
CPU #1 executed      4 Floating Multiply instructions.
CPU #1 executed  1,888 Floating Multiply Single instructions.
CPU #1 executed      4 Floating Negative Absolute Value instructions.
CPU #1 executed    164 Floating Subtract Single instructions.
CPU #1 executed    256 Load Floating-Point Single instructions.
CPU #1 executed     94 Load Floating-Point Single Indexed instructions.
CPU #1 executed    100 Load Word and Zero Indexed instructions.
CPU #1 executed     12 OR instructions.
CPU #1 executed      4 OR Immediate instructions.
CPU #1 executed    308 Rotate Left Word Immediate then AND with Mask instructions.
CPU #1 executed    200 Store Floating-Point Single instructions.
CPU #1 executed     24 Store Floating-Point Single Indexed instructions.
CPU #1 executed      1 System Call instruction.

CPU #1 executed 39,176 cycles.
CPU #1 executed 30,207 stalls waiting for data.
CPU #1 executed      8 stalls waiting for a function unit.
CPU #1 executed      1 stall waiting for serialization.
CPU #1 executed    140 times a write-back slot was unavailable.
CPU #1 executed  1,544 branches.
CPU #1 executed  1,647 conditional branches fell through.
CPU #1 executed  1,544 successful branch predictions.
CPU #1 executed    140 unsuccessful branch predictions.
CPU #1 executed  1,484 branch if the condition is FALSE conditional branches.
CPU #1 executed    200 branch if the condition is TRUE conditional branches.
CPU #1 executed      1 branch always conditional branch.
CPU #1 executed  3,492 1st single cycle integer functional unit instructions.
CPU #1 executed    390 2nd single cycle integer functional unit instructions.
CPU #1 executed  5,445 floating point functional unit instructions.
CPU #1 executed    337 load/store functional unit instructions.
CPU #1 executed  3,191 branch functional unit instructions.
CPU #1 executed 12,855 instructions that were accounted for in timing info.
CPU #1 executed    450 reads  (0 1-byte, 0 2-byte, 450 4-byte, 0 8-byte).
CPU #1 executed    224 writes (0 1-byte, 0 2-byte, 224 4-byte, 0 8-byte).
CPU #1 executed    450 unaligned reads.
CPU #1 executed    224 unaligned writes.
CPU #1 executed    194 icache misses.
CPU #1 executed 13,192 instructions in total.

Simulator speed was 2,638,928 instructions/second.
