CPU #1 executed    248 Add instructions.
CPU #1 executed  1,721 Add Immediate instructions.
CPU #1 executed      9 Add Immediate Shifted instructions.
CPU #1 executed  1,506 Branch instructions.
CPU #1 executed  1,684 Branch Conditional instructions.
CPU #1 executed      1 Branch Conditional to Link Register instruction.
CPU #1 executed    189 Compare instructions.
CPU #1 executed  1,408 Compare Immediate instructions.
CPU #1 executed    125 Floating Absolute Value instructions.
CPU #1 executed  1,610 Floating Add Single instructions.
CPU #1 executed     87 Floating Compare Unordered instructions.
CPU #1 executed  1,480 Floating Divide Single instructions.
CPU #1 executed     60 Floating Move Register instructions.
CPU #1 executed      4 Floating Multiply instructions.
CPU #1 executed  1,888 Floating Multiply Single instructions.
CPU #1 executed      4 Floating Negative Absolute Value instructions.
CPU #1 executed    164 Floating Subtract Single instructions.
CPU #1 executed    196 Load Floating-Point Single instructions.
CPU #1 executed    146 Load Floating-Point Single Indexed instructions.
CPU #1 executed    100 Load Word and Zero Indexed instructions.
CPU #1 executed     12 OR instructions.
CPU #1 executed      9 OR Immediate instructions.
CPU #1 executed    348 Rotate Left Word Immediate then AND with Mask instructions.
CPU #1 executed    184 Store Floating-Point Single instructions.
CPU #1 executed     40 Store Floating-Point Single Indexed instructions.
CPU #1 executed      5 Store Word instructions.
CPU #1 executed      1 System Call instruction.

CPU #1 executed 39,303 cycles.
CPU #1 executed 30,242 stalls waiting for data.
CPU #1 executed      1 stall waiting for serialization.
CPU #1 executed    101 times a write-back slot was unavailable.
CPU #1 executed  1,544 branches.
CPU #1 executed  1,647 conditional branches fell through.
CPU #1 executed  1,544 successful branch predictions.
CPU #1 executed    140 unsuccessful branch predictions.
CPU #1 executed  1,484 branch if the condition is FALSE conditional branches.
CPU #1 executed    200 branch if the condition is TRUE conditional branches.
CPU #1 executed      1 branch always conditional branch.
CPU #1 executed  3,591 1st single cycle integer functional unit instructions.
CPU #1 executed    354 2nd single cycle integer functional unit instructions.
CPU #1 executed  5,422 floating point functional unit instructions.
CPU #1 executed    398 load/store functional unit instructions.
CPU #1 executed  3,191 branch functional unit instructions.
CPU #1 executed 12,956 instructions that were accounted for in timing info.
CPU #1 executed    442 reads  (0 1-byte, 0 2-byte, 442 4-byte, 0 8-byte).
CPU #1 executed    229 writes (0 1-byte, 0 2-byte, 229 4-byte, 0 8-byte).
CPU #1 executed    442 unaligned reads.
CPU #1 executed    229 unaligned writes.
CPU #1 executed    215 icache misses.
CPU #1 executed 13,229 instructions in total.

Simulator speed was 2,205,201 instructions/second.
